<?xml version="1.0" encoding="UTF-8"?>
<!-- Generated by org.testng.reporters.JUnitXMLReporter -->
<testsuite hostname="SKAR1200667" ignored="0" name="Default test" tests="2" failures="0" timestamp="18 dez 2020 20:20:39 GMT" time="0.589" errors="0">
  <testcase name="runScenario" time="0.218" classname="br.com.saraiva.test.runners.hooks.TestNGHooks">
    <skipped/>
  </testcase> <!-- runScenario -->
  <testcase name="runScenario" time="0.009" classname="br.com.saraiva.test.runners.hooks.TestNGHooks">
    <skipped/>
  </testcase> <!-- runScenario -->
</testsuite> <!-- Default test -->
